<?xml version="1.0" encoding="UTF-8" ?>
<testsuite tests="10" failures="0" name="ngdemo.tests.integration.web.UserRestServiceTest" time="1.748" errors="0" skipped="0">
  <properties>
    <property name="java.runtime.name" value="Java(TM) SE Runtime Environment"/>
    <property name="sun.boot.library.path" value="C:\Home\Java\jdk1.8.0_112\jre\bin"/>
    <property name="java.vm.version" value="25.112-b15"/>
    <property name="java.vm.vendor" value="Oracle Corporation"/>
    <property name="maven.multiModuleProjectDirectory" value="C:/Users/Pabla/Documents/Pabla/Trabajos/Auxiliar/Programacion Web/Repositorio/JenkinsTest"/>
    <property name="java.vendor.url" value="http://java.oracle.com/"/>
    <property name="path.separator" value=";"/>
    <property name="guice.disable.misplaced.annotation.check" value="true"/>
    <property name="java.vm.name" value="Java HotSpot(TM) 64-Bit Server VM"/>
    <property name="file.encoding.pkg" value="sun.io"/>
    <property name="user.script" value=""/>
    <property name="user.country" value="US"/>
    <property name="sun.java.launcher" value="SUN_STANDARD"/>
    <property name="sun.os.patch.level" value=""/>
    <property name="java.vm.specification.name" value="Java Virtual Machine Specification"/>
    <property name="user.dir" value="C:\Users\Pabla\Documents\Pabla\Trabajos\Auxiliar\Programacion Web\Repositorio\JenkinsTest"/>
    <property name="java.runtime.version" value="1.8.0_112-b15"/>
    <property name="java.awt.graphicsenv" value="sun.awt.Win32GraphicsEnvironment"/>
    <property name="java.endorsed.dirs" value="C:\Home\Java\jdk1.8.0_112\jre\lib\endorsed"/>
    <property name="os.arch" value="amd64"/>
    <property name="java.io.tmpdir" value="C:\Users\Pabla\AppData\Local\Temp\"/>
    <property name="line.separator" value="
"/>
    <property name="java.vm.specification.vendor" value="Oracle Corporation"/>
    <property name="user.variant" value=""/>
    <property name="os.name" value="Windows 10"/>
    <property name="classworlds.conf" value="C:/Home/apache-maven-3.5.0/bin/m2.conf"/>
    <property name="sun.jnu.encoding" value="Cp1252"/>
    <property name="java.library.path" value="C:\Home\Java\jdk1.8.0_112\bin;C:\WINDOWS\Sun\Java\bin;C:\WINDOWS\system32;C:\WINDOWS;C:\Users\Pabla\bin;C:\home\Git\mingw64\bin;C:\home\Git\usr\local\bin;C:\home\Git\usr\bin;C:\home\Git\usr\bin;C:\home\Git\mingw64\bin;C:\home\Git\usr\bin;C:\Users\Pabla\bin;C:\Program Files (x86)\Common Files\Intel\Shared Files\cpp\bin\Intel64;C:\oraclexe\app\oracle\product\11.2.0\server\bin;C:\ProgramData\Oracle\Java\javapath;C:\Program Files (x86)\Intel\iCLS Client;C:\Program Files\Intel\iCLS Client;C:\WINDOWS\system32;C:\WINDOWS;C:\WINDOWS\System32\Wbem;C:\WINDOWS\System32\WindowsPowerShell\v1.0;C:\Program Files\Intel\Intel(R) Management Engine Components\DAL;C:\Program Files\Intel\Intel(R) Management Engine Components\IPT;C:\Program Files (x86)\Intel\Intel(R) Management Engine Components\DAL;C:\Program Files (x86)\Intel\Intel(R) Management Engine Components\IPT;C:\Program Files (x86)\Intel\OpenCL SDK\3.0\bin\x86;C:\Program Files (x86)\Intel\OpenCL SDK\3.0\bin\x64;C:\Home\Java\jdk1.8.0_112\bin;C:\Home\TortoiseSVN\bin;C:\Android;C:\Windows\System32;C:\Program Files (x86)\Skype\Phone;C:\Home\apache-maven-3.5.0\bin;C:\Home\nodejs;C:\Users\Pabla\AppData\Roaming\npm;C:\Home\MinGW\bin;C:\Python27;C:\Python27\Scripts;C:\home\Git\cmd;C:\Users\Pabla\AppData\Local\Microsoft\WindowsApps;C:\Home\Microsoft VS Code\bin;C:\Users\Pabla\AppData\Roaming\npm;C:\Home\Docker Toolbox;C:\home\Git\usr\bin\vendor_perl;C:\home\Git\usr\bin\core_perl;."/>
    <property name="maven.conf" value="C:/Home/apache-maven-3.5.0/conf"/>
    <property name="java.specification.name" value="Java Platform API Specification"/>
    <property name="java.class.version" value="52.0"/>
    <property name="sun.management.compiler" value="HotSpot 64-Bit Tiered Compilers"/>
    <property name="os.version" value="10.0"/>
    <property name="library.jansi.path" value="C:\Home\apache-maven-3.5.0\lib\jansi-native\windows64"/>
    <property name="user.home" value="C:\Users\Pabla"/>
    <property name="user.timezone" value="America/Asuncion"/>
    <property name="java.awt.printerjob" value="sun.awt.windows.WPrinterJob"/>
    <property name="java.specification.version" value="1.8"/>
    <property name="file.encoding" value="Cp1252"/>
    <property name="user.name" value="Pabla"/>
    <property name="java.class.path" value="C:/Home/apache-maven-3.5.0/boot/plexus-classworlds-2.5.2.jar"/>
    <property name="java.vm.specification.version" value="1.8"/>
    <property name="sun.arch.data.model" value="64"/>
    <property name="java.home" value="C:\Home\Java\jdk1.8.0_112\jre"/>
    <property name="sun.java.command" value="org.codehaus.plexus.classworlds.launcher.Launcher clean install"/>
    <property name="java.specification.vendor" value="Oracle Corporation"/>
    <property name="user.language" value="en"/>
    <property name="awt.toolkit" value="sun.awt.windows.WToolkit"/>
    <property name="java.vm.info" value="mixed mode"/>
    <property name="java.version" value="1.8.0_112"/>
    <property name="java.ext.dirs" value="C:\Home\Java\jdk1.8.0_112\jre\lib\ext;C:\WINDOWS\Sun\Java\lib\ext"/>
    <property name="sun.boot.class.path" value="C:\Home\Java\jdk1.8.0_112\jre\lib\resources.jar;C:\Home\Java\jdk1.8.0_112\jre\lib\rt.jar;C:\Home\Java\jdk1.8.0_112\jre\lib\sunrsasign.jar;C:\Home\Java\jdk1.8.0_112\jre\lib\jsse.jar;C:\Home\Java\jdk1.8.0_112\jre\lib\jce.jar;C:\Home\Java\jdk1.8.0_112\jre\lib\charsets.jar;C:\Home\Java\jdk1.8.0_112\jre\lib\jfr.jar;C:\Home\Java\jdk1.8.0_112\jre\classes"/>
    <property name="sun.stderr.encoding" value="cp437"/>
    <property name="java.vendor" value="Oracle Corporation"/>
    <property name="maven.home" value="C:\Home\apache-maven-3.5.0"/>
    <property name="file.separator" value="\"/>
    <property name="java.vendor.url.bug" value="http://bugreport.sun.com/bugreport/"/>
    <property name="sun.cpu.endian" value="little"/>
    <property name="sun.io.unicode.encoding" value="UnicodeLittle"/>
    <property name="sun.stdout.encoding" value="cp437"/>
    <property name="sun.desktop" value="windows"/>
    <property name="sun.cpu.isalist" value="amd64"/>
  </properties>
  <testcase classname="ngdemo.tests.integration.web.UserRestServiceTest" name="testGetAllUsersShouldReturnSuccessStatus" time="0.157"/>
  <testcase classname="ngdemo.tests.integration.web.UserRestServiceTest" name="testUpdateUserShouldReturnUpdatedUser" time="0.217"/>
  <testcase classname="ngdemo.tests.integration.web.UserRestServiceTest" name="testGetUserByIdOneShouldReturnFirstUser" time="0.179"/>
  <testcase classname="ngdemo.tests.integration.web.UserRestServiceTest" name="testGetAllUsersShouldReturnUsers" time="0.175"/>
  <testcase classname="ngdemo.tests.integration.web.UserRestServiceTest" name="testCreateUserShouldReturnNewUserWithCorrectId" time="0.181"/>
  <testcase classname="ngdemo.tests.integration.web.UserRestServiceTest" name="testRemoveUserShouldReturnSuccessStatus" time="0.125"/>
  <testcase classname="ngdemo.tests.integration.web.UserRestServiceTest" name="testGetUserByIdShouldReturnSuccessStatus" time="0.179"/>
  <testcase classname="ngdemo.tests.integration.web.UserRestServiceTest" name="testGetAllUsersShouldReturnJSArray" time="0.179"/>
  <testcase classname="ngdemo.tests.integration.web.UserRestServiceTest" name="testRemoveUserShouldDecreaseNumberOfUsersByOne" time="0.195"/>
  <testcase classname="ngdemo.tests.integration.web.UserRestServiceTest" name="testGetNumberOfUserShouldReturnSuccessStatusAndCorrectNumber" time="0.161"/>
</testsuite>